<?xml version="1.0" encoding="UTF-8"?>
<!-- Generated by org.testng.reporters.JUnitXMLReporter -->
<testsuite ignored="0" hostname="DESKTOP-VBRD8O3" failures="0" tests="6" name="Default test" time="30.963" errors="0" timestamp="2023-09-14T09:05:23 IST">
  <testcase classname="tests.BaseTest" name="test1" time="0.02"/>
  <testcase classname="tests.BaseTest" name="test2" time="1.72"/>
  <testcase classname="tests.BaseTest" name="depositAmountTest" time="3.644"/>
  <testcase classname="tests.BaseTest" name="withdrawTest" time="9.266"/>
  <testcase classname="tests.BaseTest" name="logoutFunc" time="6.153"/>
  <testcase classname="tests.BaseTest" name="testManagerFunctionality" time="5.523"/>
</testsuite> <!-- Default test -->
