<?xml version="1.0" encoding="UTF-8"?>
<testng-results ignored="0" total="6" passed="6" failed="0" skipped="0">
  <reporter-output>
  </reporter-output>
  <suite started-at="2023-09-14T09:04:52 IST" name="Default suite" finished-at="2023-09-14T09:05:23 IST" duration-ms="30963">
    <groups>
    </groups>
    <test started-at="2023-09-14T09:04:52 IST" name="Default test" finished-at="2023-09-14T09:05:23 IST" duration-ms="30963">
      <class name="tests.BaseTest">
        <test-method is-config="true" signature="setup()[pri:0, instance:tests.BaseTest@1a75e76a]" started-at="2023-09-14T09:04:52 IST" name="setup" finished-at="2023-09-14T09:04:56 IST" duration-ms="4476" status="PASS">
          <reporter-output>
          </reporter-output>
        </test-method> <!-- setup -->
        <test-method signature="test1()[pri:1, instance:tests.BaseTest@1a75e76a]" started-at="2023-09-14T09:04:56 IST" name="test1" finished-at="2023-09-14T09:04:56 IST" duration-ms="20" status="PASS">
          <reporter-output>
          </reporter-output>
        </test-method> <!-- test1 -->
        <test-method signature="test2()[pri:2, instance:tests.BaseTest@1a75e76a]" started-at="2023-09-14T09:04:56 IST" name="test2" finished-at="2023-09-14T09:04:58 IST" duration-ms="1720" status="PASS">
          <reporter-output>
          </reporter-output>
        </test-method> <!-- test2 -->
        <test-method signature="depositAmountTest()[pri:3, instance:tests.BaseTest@1a75e76a]" started-at="2023-09-14T09:04:58 IST" name="depositAmountTest" finished-at="2023-09-14T09:05:02 IST" duration-ms="3644" status="PASS">
          <reporter-output>
          </reporter-output>
        </test-method> <!-- depositAmountTest -->
        <test-method signature="withdrawTest()[pri:4, instance:tests.BaseTest@1a75e76a]" started-at="2023-09-14T09:05:02 IST" name="withdrawTest" finished-at="2023-09-14T09:05:11 IST" duration-ms="9266" status="PASS">
          <reporter-output>
          </reporter-output>
        </test-method> <!-- withdrawTest -->
        <test-method signature="logoutFunc()[pri:5, instance:tests.BaseTest@1a75e76a]" started-at="2023-09-14T09:05:11 IST" name="logoutFunc" finished-at="2023-09-14T09:05:17 IST" duration-ms="6153" status="PASS">
          <reporter-output>
          </reporter-output>
        </test-method> <!-- logoutFunc -->
        <test-method signature="testManagerFunctionality()[pri:6, instance:tests.BaseTest@1a75e76a]" started-at="2023-09-14T09:05:17 IST" name="testManagerFunctionality" finished-at="2023-09-14T09:05:23 IST" duration-ms="5523" status="PASS">
          <reporter-output>
          </reporter-output>
        </test-method> <!-- testManagerFunctionality -->
        <test-method is-config="true" signature="windUp()[pri:0, instance:tests.BaseTest@1a75e76a]" started-at="2023-09-14T09:05:23 IST" name="windUp" finished-at="2023-09-14T09:05:23 IST" duration-ms="99" status="PASS">
          <reporter-output>
          </reporter-output>
        </test-method> <!-- windUp -->
      </class> <!-- tests.BaseTest -->
    </test> <!-- Default test -->
  </suite> <!-- Default suite -->
</testng-results>
